{
  "RSpec": {
    "coverage": {
      "/home/namitha/Desktop/namitha/TECH-TESTS/babylon/spec/checkout_spec.rb": [
        1,
        null,
        1,
        3,
        3,
        null,
        1,
        2,
        null,
        1,
        1,
        null,
        null,
        1,
        2,
        null,
        null,
        null,
        null
      ],
      "/home/namitha/Desktop/namitha/TECH-TESTS/babylon/lib/checkout.rb": [
        1,
        1,
        null,
        1,
        2,
        2,
        null,
        null,
        1,
        2,
        1,
        null,
        null,
        1,
        null,
        1,
        null
      ],
      "/home/namitha/Desktop/namitha/TECH-TESTS/babylon/spec/item_spec.rb": [
        1,
        null,
        1,
        4,
        null,
        1,
        1,
        1,
        null,
        null,
        null,
        1,
        1,
        1,
        null,
        null,
        null,
        1,
        1,
        1,
        null,
        null,
        null
      ],
      "/home/namitha/Desktop/namitha/TECH-TESTS/babylon/lib/item.rb": [
        1,
        null,
        1,
        1,
        3,
        3,
        3,
        null,
        null
      ]
    },
    "timestamp": 1468882922
  }
}
